<?xml version="1.0" encoding="UTF-8"?>
<testng-results skipped="0" failed="0" total="1" passed="1">
  <reporter-output>
  </reporter-output>
  <suite name="Suite" duration-ms="62872" started-at="2017-10-31T09:55:25Z" finished-at="2017-10-31T09:56:27Z">
    <groups>
    </groups>
    <test name="Test" duration-ms="62872" started-at="2017-10-31T09:55:25Z" finished-at="2017-10-31T09:56:27Z">
      <class name="com.amazon.AmazonSearchTest">
        <test-method status="PASS" signature="beforeClass()[pri:0, instance:com.amazon.AmazonSearchTest@29774679]" name="beforeClass" is-config="true" duration-ms="57027" started-at="2017-10-31T15:25:25Z" finished-at="2017-10-31T15:26:22Z">
          <reporter-output>
          </reporter-output>
        </test-method> <!-- beforeClass -->
        <test-method status="PASS" signature="f()[pri:0, instance:com.amazon.AmazonSearchTest@29774679]" name="f" duration-ms="80" started-at="2017-10-31T15:26:22Z" finished-at="2017-10-31T15:26:22Z">
          <reporter-output>
          </reporter-output>
        </test-method> <!-- f -->
        <test-method status="PASS" signature="afterClass()[pri:0, instance:com.amazon.AmazonSearchTest@29774679]" name="afterClass" is-config="true" duration-ms="5680" started-at="2017-10-31T15:26:22Z" finished-at="2017-10-31T15:26:27Z">
          <reporter-output>
          </reporter-output>
        </test-method> <!-- afterClass -->
      </class> <!-- com.amazon.AmazonSearchTest -->
    </test> <!-- Test -->
  </suite> <!-- Suite -->
</testng-results>
